<?xml version="1.0" encoding="UTF-8"?>
<!-- Generated by org.testng.reporters.JUnitReportReporter -->
<testsuite name="com.web.testing.SatTesting.SWSprint1" tests="1" time="2.728" ignored="0" failures="0" timestamp="31 Mar 2019 01:23:52 GMT" skipped="0" hostname="Yash-Ka-Patel" errors="0">
  <testcase name="learnDatabase" time="2.728" classname="com.web.testing.SatTesting.SWSprint1"/>
</testsuite> <!-- com.web.testing.SatTesting.SWSprint1 -->
