<?xml version="1.0" encoding="UTF-8"?>
<!-- Generated by org.testng.reporters.JUnitReportReporter -->
<testsuite skipped="0" hostname="Yash-Ka-Patel" name="com.web.testing.testcases.SWSprint1" tests="5" failures="0" timestamp="31 Mar 2019 19:45:21 GMT" time="0.537" errors="0">
  <testcase name="learnExcelRead" time="0.019" classname="com.web.testing.testcases.SWSprint1"/>
  <testcase name="learnExcelRead" time="0.007" classname="com.web.testing.testcases.SWSprint1"/>
  <testcase name="learnExcelRead" time="0.006" classname="com.web.testing.testcases.SWSprint1"/>
  <testcase name="learnDatabase" time="0.485" classname="com.web.testing.testcases.SWSprint1"/>
  <testcase name="learnExcelRead" time="0.020" classname="com.web.testing.testcases.SWSprint1"/>
</testsuite> <!-- com.web.testing.testcases.SWSprint1 -->
