<?xml version="1.0" encoding="UTF-8"?>
<!-- Generated by org.testng.reporters.JUnitReportReporter -->
<testsuite skipped="0" hostname="Yash-Ka-Patel" name="com.web.testing.testcases.SWSprint2" tests="1" failures="0" timestamp="31 Mar 2019 19:45:21 GMT" time="0.006" errors="0">
  <testcase name="chekinLogin" time="0.006" classname="com.web.testing.testcases.SWSprint2"/>
</testsuite> <!-- com.web.testing.testcases.SWSprint2 -->
