<?xml version="1.0" encoding="UTF-8"?>
<!-- Generated by org.testng.reporters.JUnitReportReporter -->
<testsuite name="com.web.testing.SatTesting.SWSprint1" tests="1" time="0.306" ignored="0" failures="0" timestamp="30 Mar 2019 21:14:55 GMT" skipped="0" hostname="Yash-Ka-Patel" errors="0">
  <testcase name="learnDatabase" time="0.306" classname="com.web.testing.SatTesting.SWSprint1"/>
</testsuite> <!-- com.web.testing.SatTesting.SWSprint1 -->
