<?xml version="1.0" encoding="UTF-8"?>
<!-- Generated by org.testng.reporters.JUnitReportReporter -->
<testsuite skipped="0" hostname="Yash-Ka-Patel" name="com.web.testing.testcases.SWSprint3" tests="2" failures="0" timestamp="31 Mar 2019 19:45:21 GMT" time="0.016" errors="0">
  <testcase name="sprint3Test" time="0.011" classname="com.web.testing.testcases.SWSprint3"/>
  <testcase name="sprint3Test1" time="0.005" classname="com.web.testing.testcases.SWSprint3"/>
</testsuite> <!-- com.web.testing.testcases.SWSprint3 -->
